<?xml version="1.0" encoding="UTF-8"?>
<!-- Generated by org.testng.reporters.JUnitReportReporter -->
<testsuite skipped="0" hostname="DESKTOP-IOMU1LI" name="Adhoc.NewTest" tests="1" failures="0" timestamp="2020-02-16T14:20:00 EST" time="18.534" errors="0">
  <testcase name="f" time="18.534" classname="Adhoc.NewTest"/>
</testsuite> <!-- Adhoc.NewTest -->
