<?xml version="1.0" encoding="UTF-8"?>
<!-- Generated by org.testng.reporters.JUnitReportReporter -->
<testsuite skipped="0" hostname="DESKTOP-IOMU1LI" name="Piit.mavenproject.first" tests="1" failures="0" timestamp="2020-02-23T12:33:08 EST" time="9.847" errors="0">
  <testcase name="firstclass" time="9.847" classname="Piit.mavenproject.first"/>
</testsuite> <!-- Piit.mavenproject.first -->
